app/build/outputs/logs/manifest-merger-debug-report.txt
-- Merging decision tree log ---
manifest
ADDED from src\main\AndroidManifest.xml:3:1-93:12
	xmlns:tools
		ADDED from src\main\AndroidManifest.xml:5:5-51
	xmlns:android
		ADDED from src\main\AndroidManifest.xml:4:5-63
	package
		ADDED from src\main\AndroidManifest.xml:6:5-34
		INJECTED from src\main\AndroidManifest.xml
		INJECTED from src\main\AndroidManifest.xml
	android:versionName
		INJECTED from src\main\AndroidManifest.xml
		INJECTED from src\main\AndroidManifest.xml
	android:versionCode
		INJECTED from src\main\AndroidManifest.xml
		INJECTED from src\main\AndroidManifest.xml
uses-permission#android.permission.INTERNET
ADDED from src\main\AndroidManifest.xml:8:5-66
	android:name
		ADDED from src\main\AndroidManifest.xml:8:22-64
uses-permission#android.permission.CALL_PHONE
ADDED from src\main\AndroidManifest.xml:9:5-69
	android:name
		ADDED from src\main\AndroidManifest.xml:9:22-66
uses-permission#android.permission.CAMERA
ADDED from src\main\AndroidManifest.xml:10:5-65
	android:name
		ADDED from src\main\AndroidManifest.xml:10:22-62
application
ADDED from src\main\AndroidManifest.xml:13:5-91:19
MERGED from [com.android.support:design:22.2.1] AndroidManifest.xml:22:5-20
MERGED from [com.android.support:appcompat-v7:22.2.1] AndroidManifest.xml:22:5-20
MERGED from [com.android.support:support-v4:23.1.1] AndroidManifest.xml:22:5-20
MERGED from [com.android.support:support-v4:23.1.1] AndroidManifest.xml:22:5-20
MERGED from [com.android.support:appcompat-v7:22.2.1] AndroidManifest.xml:22:5-20
MERGED from [com.android.support:support-v4:23.1.1] AndroidManifest.xml:22:5-20
MERGED from [com.android.support:support-v4:23.1.1] AndroidManifest.xml:22:5-20
MERGED from [com.android.support:support-v4:23.1.1] AndroidManifest.xml:22:5-20
MERGED from [com.android.support:cardview-v7:22.2.0] AndroidManifest.xml:22:5-20
MERGED from [me.dm7.barcodescanner:zxing:1.8.4] AndroidManifest.xml:11:5-20
MERGED from [me.dm7.barcodescanner:core:1.8.4] AndroidManifest.xml:11:5-20
MERGED from [com.android.support:support-v4:23.1.1] AndroidManifest.xml:22:5-20
	android:label
		ADDED from src\main\AndroidManifest.xml:16:9-41
	android:allowBackup
		ADDED from src\main\AndroidManifest.xml:14:9-35
	android:icon
		ADDED from src\main\AndroidManifest.xml:15:9-43
	android:theme
		ADDED from src\main\AndroidManifest.xml:17:9-40
	android:name
		ADDED from src\main\AndroidManifest.xml:13:18-66
activity#de.fischerprofil.fp.ui.PreferencesActivity
ADDED from src\main\AndroidManifest.xml:19:9-23:20
	android:name
		ADDED from src\main\AndroidManifest.xml:19:19-57
intent-filter#android.intent.action.MAIN
ADDED from src\main\AndroidManifest.xml:20:13-22:29
action#android.intent.action.MAIN
ADDED from src\main\AndroidManifest.xml:21:17-69
	android:name
		ADDED from src\main\AndroidManifest.xml:21:25-66
activity#de.fischerprofil.fp.ui.MainActivity
ADDED from src\main\AndroidManifest.xml:25:9-31:20
	android:name
		ADDED from src\main\AndroidManifest.xml:25:19-50
intent-filter#android.intent.action.MAIN+android.intent.category.DEFAULT+android.intent.category.LAUNCHER
ADDED from src\main\AndroidManifest.xml:26:13-30:29
category#android.intent.category.DEFAULT
ADDED from src\main\AndroidManifest.xml:28:17-76
	android:name
		ADDED from src\main\AndroidManifest.xml:28:27-73
category#android.intent.category.LAUNCHER
ADDED from src\main\AndroidManifest.xml:29:17-77
	android:name
		ADDED from src\main\AndroidManifest.xml:29:27-74
activity#de.fischerprofil.fp.ui.OrderListActivity
ADDED from src\main\AndroidManifest.xml:33:9-46:20
	android:label
		ADDED from src\main\AndroidManifest.xml:34:13-58
	android:parentActivityName
		ADDED from src\main\AndroidManifest.xml:36:13-58
	android:name
		ADDED from src\main\AndroidManifest.xml:33:19-55
	android:launchMode
		ADDED from src\main\AndroidManifest.xml:35:13-43
intent-filter#android.intent.action.MAIN+android.intent.action.SEARCH+android.intent.category.LAUNCHER
ADDED from src\main\AndroidManifest.xml:37:13-41:29
action#android.intent.action.SEARCH
ADDED from src\main\AndroidManifest.xml:40:17-71
	android:name
		ADDED from src\main\AndroidManifest.xml:40:25-68
meta-data#android.app.searchable
ADDED from src\main\AndroidManifest.xml:42:13-45:54
	android:resource
		ADDED from src\main\AndroidManifest.xml:45:17-51
	android:name
		ADDED from src\main\AndroidManifest.xml:43:17-54
	android:value
		ADDED from src\main\AndroidManifest.xml:44:17-65
activity#de.fischerprofil.fp.ui.OrderDetailsActivity
ADDED from src\main\AndroidManifest.xml:48:9-55:20
	android:label
		ADDED from src\main\AndroidManifest.xml:50:13-57
	android:parentActivityName
		ADDED from src\main\AndroidManifest.xml:51:13-63
	android:name
		ADDED from src\main\AndroidManifest.xml:48:19-58
	android:launchMode
		ADDED from src\main\AndroidManifest.xml:49:13-43
meta-data#android.support.PARENT_ACTIVITY
ADDED from src\main\AndroidManifest.xml:52:13-54:76
	android:name
		ADDED from src\main\AndroidManifest.xml:53:17-63
	android:value
		ADDED from src\main\AndroidManifest.xml:54:17-73
activity#de.fischerprofil.fp.ui.ContactListActivity
ADDED from src\main\AndroidManifest.xml:57:9-70:20
	android:label
		ADDED from src\main\AndroidManifest.xml:58:13-37
	android:parentActivityName
		ADDED from src\main\AndroidManifest.xml:60:13-58
	android:name
		ADDED from src\main\AndroidManifest.xml:57:19-57
	android:launchMode
		ADDED from src\main\AndroidManifest.xml:59:13-43
activity#de.fischerprofil.fp.ui.GalleryListActivity
ADDED from src\main\AndroidManifest.xml:72:9-84:20
	android:label
		ADDED from src\main\AndroidManifest.xml:73:13-39
	android:parentActivityName
		ADDED from src\main\AndroidManifest.xml:75:13-58
	android:name
		ADDED from src\main\AndroidManifest.xml:72:19-57
	android:launchMode
		ADDED from src\main\AndroidManifest.xml:74:13-43
intent-filter#android.intent.action.MAIN+android.intent.action.SEARCH
ADDED from src\main\AndroidManifest.xml:76:13-79:29
provider#de.fischerprofil.fp.provider.OrderSuggestionProvider
ADDED from src\main\AndroidManifest.xml:86:9-89:40
	android:exported
		ADDED from src\main\AndroidManifest.xml:89:13-37
	android:authorities
		ADDED from src\main\AndroidManifest.xml:88:13-87
	android:name
		ADDED from src\main\AndroidManifest.xml:87:13-80
uses-sdk
INJECTED from src\main\AndroidManifest.xml reason: use-sdk injection requested
MERGED from [com.android.support:design:22.2.1] AndroidManifest.xml:20:5-43
MERGED from [com.android.support:appcompat-v7:22.2.1] AndroidManifest.xml:20:5-43
MERGED from [com.android.support:support-v4:23.1.1] AndroidManifest.xml:20:5-43
MERGED from [com.android.support:support-v4:23.1.1] AndroidManifest.xml:20:5-43
MERGED from [com.android.support:appcompat-v7:22.2.1] AndroidManifest.xml:20:5-43
MERGED from [com.android.support:support-v4:23.1.1] AndroidManifest.xml:20:5-43
MERGED from [com.android.support:support-v4:23.1.1] AndroidManifest.xml:20:5-43
MERGED from [com.android.support:recyclerview-v7:22.2.0] AndroidManifest.xml:20:5-43
MERGED from [com.android.support:support-v4:23.1.1] AndroidManifest.xml:20:5-43
MERGED from [com.android.support:cardview-v7:22.2.0] AndroidManifest.xml:20:5-43
MERGED from [me.dm7.barcodescanner:zxing:1.8.4] AndroidManifest.xml:7:5-9:41
MERGED from [me.dm7.barcodescanner:core:1.8.4] AndroidManifest.xml:7:5-9:41
MERGED from [com.android.support:support-v4:23.1.1] AndroidManifest.xml:20:5-43
	android:targetSdkVersion
		INJECTED from src\main\AndroidManifest.xml
		INJECTED from src\main\AndroidManifest.xml
	android:minSdkVersion
		INJECTED from src\main\AndroidManifest.xml
		INJECTED from src\main\AndroidManifest.xml